\BOOKMARK [0][-]{chapter.1}{\376\377\0001\000\040\000M\000o\000d\000u\000l\000e\000\040\000I\000n\000d\000e\000x}{}% 1
\BOOKMARK [1][-]{section.1.1}{\376\377\0001\000.\0001\000\040\000M\000o\000d\000u\000l\000e\000s}{chapter.1}% 2
\BOOKMARK [0][-]{chapter.2}{\376\377\0002\000\040\000D\000a\000t\000a\000\040\000S\000t\000r\000u\000c\000t\000u\000r\000e\000\040\000I\000n\000d\000e\000x}{}% 3
\BOOKMARK [1][-]{section.2.1}{\376\377\0002\000.\0001\000\040\000D\000a\000t\000a\000\040\000S\000t\000r\000u\000c\000t\000u\000r\000e\000s}{chapter.2}% 4
\BOOKMARK [0][-]{chapter.3}{\376\377\0003\000\040\000F\000i\000l\000e\000\040\000I\000n\000d\000e\000x}{}% 5
\BOOKMARK [1][-]{section.3.1}{\376\377\0003\000.\0001\000\040\000F\000i\000l\000e\000\040\000L\000i\000s\000t}{chapter.3}% 6
\BOOKMARK [0][-]{chapter.4}{\376\377\0004\000\040\000M\000o\000d\000u\000l\000e\000\040\000D\000o\000c\000u\000m\000e\000n\000t\000a\000t\000i\000o\000n}{}% 7
\BOOKMARK [1][-]{section.4.1}{\376\377\0004\000.\0001\000\040\000C\000o\000r\000e\000\040\000C\000\040\000s\000o\000u\000r\000c\000e\000\040\000c\000o\000d\000e}{chapter.4}% 8
\BOOKMARK [2][-]{subsection.4.1.1}{\376\377\0004\000.\0001\000.\0001\000\040\000D\000e\000t\000a\000i\000l\000e\000d\000\040\000D\000e\000s\000c\000r\000i\000p\000t\000i\000o\000n}{section.4.1}% 9
\BOOKMARK [1][-]{section.4.2}{\376\377\0004\000.\0002\000\040\000C\000o\000r\000e\000\040\000C\000\040\000h\000e\000a\000d\000e\000r\000s}{chapter.4}% 10
\BOOKMARK [2][-]{subsection.4.2.1}{\376\377\0004\000.\0002\000.\0001\000\040\000D\000e\000t\000a\000i\000l\000e\000d\000\040\000D\000e\000s\000c\000r\000i\000p\000t\000i\000o\000n}{section.4.2}% 11
\BOOKMARK [1][-]{section.4.3}{\376\377\0004\000.\0003\000\040\000C\000o\000r\000e\000\040\000l\000i\000b\000\040\000C\000\040\000h\000e\000a\000d\000e\000r\000s}{chapter.4}% 12
\BOOKMARK [2][-]{subsection.4.3.1}{\376\377\0004\000.\0003\000.\0001\000\040\000D\000e\000t\000a\000i\000l\000e\000d\000\040\000D\000e\000s\000c\000r\000i\000p\000t\000i\000o\000n}{section.4.3}% 13
\BOOKMARK [1][-]{section.4.4}{\376\377\0004\000.\0004\000\040\000C\000\040\000s\000o\000u\000r\000c\000e\000\040\000c\000o\000d\000e\000\040\000f\000o\000r\000\040\000m\000y\000\040\000p\000e\000r\000s\000o\000n\000n\000a\000l\000\040\000p\000r\000o\000j\000e\000c\000t}{chapter.4}% 14
\BOOKMARK [2][-]{subsection.4.4.1}{\376\377\0004\000.\0004\000.\0001\000\040\000D\000e\000t\000a\000i\000l\000e\000d\000\040\000D\000e\000s\000c\000r\000i\000p\000t\000i\000o\000n}{section.4.4}% 15
\BOOKMARK [1][-]{section.4.5}{\376\377\0004\000.\0005\000\040\000C\000\040\000s\000o\000u\000r\000c\000e\000\040\000c\000o\000d\000e\000\040\000f\000o\000r\000\040\000m\000y\000\040\000p\000e\000r\000s\000o\000n\000n\000a\000l\000\040\000p\000r\000o\000j\000e\000c\000t\000,\000\040\000m\000a\000d\000e\000\040\000b\000y\000\040\000m\000e}{chapter.4}% 16
\BOOKMARK [2][-]{subsection.4.5.1}{\376\377\0004\000.\0005\000.\0001\000\040\000D\000e\000t\000a\000i\000l\000e\000d\000\040\000D\000e\000s\000c\000r\000i\000p\000t\000i\000o\000n}{section.4.5}% 17
\BOOKMARK [1][-]{section.4.6}{\376\377\0004\000.\0006\000\040\000C\000\040\000H\000e\000a\000d\000e\000r\000s\000\040\000f\000o\000r\000\040\000m\000y\000\040\000p\000e\000r\000s\000o\000n\000n\000a\000l\000\040\000p\000r\000o\000j\000e\000c\000t}{chapter.4}% 18
\BOOKMARK [2][-]{subsection.4.6.1}{\376\377\0004\000.\0006\000.\0001\000\040\000D\000e\000t\000a\000i\000l\000e\000d\000\040\000D\000e\000s\000c\000r\000i\000p\000t\000i\000o\000n}{section.4.6}% 19
\BOOKMARK [1][-]{section.4.7}{\376\377\0004\000.\0007\000\040\000C\000\040\000H\000e\000a\000d\000e\000r\000s\000\040\000f\000o\000r\000\040\000m\000y\000\040\000p\000e\000r\000s\000o\000n\000n\000a\000l\000\040\000p\000r\000o\000j\000e\000c\000t\000,\000\040\000m\000a\000d\000e\000\040\000b\000y\000\040\000m\000e}{chapter.4}% 20
\BOOKMARK [2][-]{subsection.4.7.1}{\376\377\0004\000.\0007\000.\0001\000\040\000D\000e\000t\000a\000i\000l\000e\000d\000\040\000D\000e\000s\000c\000r\000i\000p\000t\000i\000o\000n}{section.4.7}% 21
\BOOKMARK [1][-]{section.4.8}{\376\377\0004\000.\0008\000\040\000M\000a\000i\000n\000\040\000C\000\040\000h\000e\000a\000d\000e\000r}{chapter.4}% 22
\BOOKMARK [2][-]{subsection.4.8.1}{\376\377\0004\000.\0008\000.\0001\000\040\000D\000e\000t\000a\000i\000l\000e\000d\000\040\000D\000e\000s\000c\000r\000i\000p\000t\000i\000o\000n}{section.4.8}% 23
\BOOKMARK [1][-]{section.4.9}{\376\377\0004\000.\0009\000\040\000C\000\040\000s\000o\000u\000r\000c\000e\000\040\000c\000o\000d\000e\000\040\000f\000o\000r\000\040\000m\000y\000\040\000p\000e\000r\000s\000o\000n\000n\000a\000l\000\040\000p\000r\000o\000j\000e\000c\000t\000,\000\040\000m\000a\000d\000e\000\040\000b\000y\000\040\000m\000e\000\040\000a\000n\000d\000\040\000f\000l\000e\000x}{chapter.4}% 24
\BOOKMARK [2][-]{subsection.4.9.1}{\376\377\0004\000.\0009\000.\0001\000\040\000D\000e\000t\000a\000i\000l\000e\000d\000\040\000D\000e\000s\000c\000r\000i\000p\000t\000i\000o\000n}{section.4.9}% 25
\BOOKMARK [1][-]{section.4.10}{\376\377\0004\000.\0001\0000\000\040\000C\000\040\000H\000e\000a\000d\000e\000r\000s\000\040\000f\000o\000r\000\040\000m\000y\000\040\000p\000e\000r\000s\000o\000n\000n\000a\000l\000\040\000p\000r\000o\000j\000e\000c\000t\000,\000\040\000m\000a\000d\000e\000\040\000b\000y\000\040\000m\000e\000\040\000a\000n\000d\000\040\000f\000l\000e\000x}{chapter.4}% 26
\BOOKMARK [2][-]{subsection.4.10.1}{\376\377\0004\000.\0001\0000\000.\0001\000\040\000D\000e\000t\000a\000i\000l\000e\000d\000\040\000D\000e\000s\000c\000r\000i\000p\000t\000i\000o\000n}{section.4.10}% 27
\BOOKMARK [1][-]{section.4.11}{\376\377\0004\000.\0001\0001\000\040\000F\000l\000e\000x\000\040\000s\000o\000u\000r\000c\000e\000\040\000f\000i\000l\000e\000s}{chapter.4}% 28
\BOOKMARK [2][-]{subsection.4.11.1}{\376\377\0004\000.\0001\0001\000.\0001\000\040\000D\000e\000t\000a\000i\000l\000e\000d\000\040\000D\000e\000s\000c\000r\000i\000p\000t\000i\000o\000n}{section.4.11}% 29
\BOOKMARK [0][-]{chapter.5}{\376\377\0005\000\040\000D\000a\000t\000a\000\040\000S\000t\000r\000u\000c\000t\000u\000r\000e\000\040\000D\000o\000c\000u\000m\000e\000n\000t\000a\000t\000i\000o\000n}{}% 30
\BOOKMARK [1][-]{section.5.1}{\376\377\0005\000.\0001\000\040\000s\000t\000r\000i\000n\000g\000O\000c\000c\000u\000r\000r\000e\000n\000c\000e\000s\000\040\000S\000t\000r\000u\000c\000t\000\040\000R\000e\000f\000e\000r\000e\000n\000c\000e}{chapter.5}% 31
\BOOKMARK [0][-]{chapter.6}{\376\377\0006\000\040\000F\000i\000l\000e\000\040\000D\000o\000c\000u\000m\000e\000n\000t\000a\000t\000i\000o\000n}{}% 32
\BOOKMARK [1][-]{section.6.1}{\376\377\0006\000.\0001\000\040\000a\000n\000a\000l\000y\000z\000e\000.\000c\000\040\000F\000i\000l\000e\000\040\000R\000e\000f\000e\000r\000e\000n\000c\000e}{chapter.6}% 33
\BOOKMARK [2][-]{subsection.6.1.1}{\376\377\0006\000.\0001\000.\0001\000\040\000D\000e\000t\000a\000i\000l\000e\000d\000\040\000D\000e\000s\000c\000r\000i\000p\000t\000i\000o\000n}{section.6.1}% 34
\BOOKMARK [2][-]{subsection.6.1.2}{\376\377\0006\000.\0001\000.\0002\000\040\000F\000u\000n\000c\000t\000i\000o\000n\000\040\000D\000o\000c\000u\000m\000e\000n\000t\000a\000t\000i\000o\000n}{section.6.1}% 35
\BOOKMARK [3][-]{subsubsection.6.1.2.1}{\376\377\0006\000.\0001\000.\0002\000.\0001\000\040\000r\000e\000p\000l\000a\000c\000e\000S\000t\000r\000i\000n\000g\000I\000n\000F\000i\000l\000e\000\050\000\051}{subsection.6.1.2}% 36
\BOOKMARK [1][-]{section.6.2}{\376\377\0006\000.\0002\000\040\000a\000n\000a\000l\000y\000z\000e\000.\000h\000\040\000F\000i\000l\000e\000\040\000R\000e\000f\000e\000r\000e\000n\000c\000e}{chapter.6}% 37
\BOOKMARK [2][-]{subsection.6.2.1}{\376\377\0006\000.\0002\000.\0001\000\040\000D\000e\000t\000a\000i\000l\000e\000d\000\040\000D\000e\000s\000c\000r\000i\000p\000t\000i\000o\000n}{section.6.2}% 38
\BOOKMARK [2][-]{subsection.6.2.2}{\376\377\0006\000.\0002\000.\0002\000\040\000F\000u\000n\000c\000t\000i\000o\000n\000\040\000D\000o\000c\000u\000m\000e\000n\000t\000a\000t\000i\000o\000n}{section.6.2}% 39
\BOOKMARK [3][-]{subsubsection.6.2.2.1}{\376\377\0006\000.\0002\000.\0002\000.\0001\000\040\000r\000e\000p\000l\000a\000c\000e\000S\000t\000r\000i\000n\000g\000I\000n\000F\000i\000l\000e\000\050\000\051}{subsection.6.2.2}% 40
\BOOKMARK [1][-]{section.6.3}{\376\377\0006\000.\0003\000\040\000a\000n\000a\000l\000y\000z\000e\000.\000h}{chapter.6}% 41
\BOOKMARK [1][-]{section.6.4}{\376\377\0006\000.\0004\000\040\000f\000c\000m\000x\000.\000c\000\040\000F\000i\000l\000e\000\040\000R\000e\000f\000e\000r\000e\000n\000c\000e}{chapter.6}% 42
\BOOKMARK [2][-]{subsection.6.4.1}{\376\377\0006\000.\0004\000.\0001\000\040\000D\000e\000t\000a\000i\000l\000e\000d\000\040\000D\000e\000s\000c\000r\000i\000p\000t\000i\000o\000n}{section.6.4}% 43
\BOOKMARK [1][-]{section.6.5}{\376\377\0006\000.\0005\000\040\000f\000c\000m\000x\000.\000h\000\040\000F\000i\000l\000e\000\040\000R\000e\000f\000e\000r\000e\000n\000c\000e}{chapter.6}% 44
\BOOKMARK [2][-]{subsection.6.5.1}{\376\377\0006\000.\0005\000.\0001\000\040\000D\000e\000t\000a\000i\000l\000e\000d\000\040\000D\000e\000s\000c\000r\000i\000p\000t\000i\000o\000n}{section.6.5}% 45
\BOOKMARK [1][-]{section.6.6}{\376\377\0006\000.\0006\000\040\000f\000c\000m\000x\000.\000h}{chapter.6}% 46
\BOOKMARK [1][-]{section.6.7}{\376\377\0006\000.\0007\000\040\000f\000i\000l\000e\000M\000a\000n\000.\000c\000\040\000F\000i\000l\000e\000\040\000R\000e\000f\000e\000r\000e\000n\000c\000e}{chapter.6}% 47
\BOOKMARK [2][-]{subsection.6.7.1}{\376\377\0006\000.\0007\000.\0001\000\040\000D\000e\000t\000a\000i\000l\000e\000d\000\040\000D\000e\000s\000c\000r\000i\000p\000t\000i\000o\000n}{section.6.7}% 48
\BOOKMARK [1][-]{section.6.8}{\376\377\0006\000.\0008\000\040\000f\000i\000l\000e\000M\000a\000n\000.\000h\000\040\000F\000i\000l\000e\000\040\000R\000e\000f\000e\000r\000e\000n\000c\000e}{chapter.6}% 49
\BOOKMARK [2][-]{subsection.6.8.1}{\376\377\0006\000.\0008\000.\0001\000\040\000D\000e\000t\000a\000i\000l\000e\000d\000\040\000D\000e\000s\000c\000r\000i\000p\000t\000i\000o\000n}{section.6.8}% 50
\BOOKMARK [1][-]{section.6.9}{\376\377\0006\000.\0009\000\040\000f\000i\000l\000e\000M\000a\000n\000.\000h}{chapter.6}% 51
\BOOKMARK [1][-]{section.6.10}{\376\377\0006\000.\0001\0000\000\040\000f\000m\000a\000n\000c\000.\000h\000\040\000F\000i\000l\000e\000\040\000R\000e\000f\000e\000r\000e\000n\000c\000e}{chapter.6}% 52
\BOOKMARK [2][-]{subsection.6.10.1}{\376\377\0006\000.\0001\0000\000.\0001\000\040\000D\000e\000t\000a\000i\000l\000e\000d\000\040\000D\000e\000s\000c\000r\000i\000p\000t\000i\000o\000n}{section.6.10}% 53
\BOOKMARK [1][-]{section.6.11}{\376\377\0006\000.\0001\0001\000\040\000f\000m\000a\000n\000c\000.\000h}{chapter.6}% 54
\BOOKMARK [1][-]{section.6.12}{\376\377\0006\000.\0001\0002\000\040\000n\000o\000t\000B\000y\000M\000e\000/\000l\000e\000x\000\137\000y\000y\000.\000c\000\040\000F\000i\000l\000e\000\040\000R\000e\000f\000e\000r\000e\000n\000c\000e}{chapter.6}% 55
\BOOKMARK [2][-]{subsection.6.12.1}{\376\377\0006\000.\0001\0002\000.\0001\000\040\000D\000e\000t\000a\000i\000l\000e\000d\000\040\000D\000e\000s\000c\000r\000i\000p\000t\000i\000o\000n}{section.6.12}% 56
\BOOKMARK [2][-]{subsection.6.12.2}{\376\377\0006\000.\0001\0002\000.\0002\000\040\000M\000a\000c\000r\000o\000\040\000D\000e\000f\000i\000n\000i\000t\000i\000o\000n\000\040\000D\000o\000c\000u\000m\000e\000n\000t\000a\000t\000i\000o\000n}{section.6.12}% 57
\BOOKMARK [3][-]{subsubsection.6.12.2.1}{\376\377\0006\000.\0001\0002\000.\0002\000.\0001\000\040\000Y\000Y\000\137\000C\000U\000R\000R\000E\000N\000T\000\137\000B\000U\000F\000F\000E\000R}{subsection.6.12.2}% 58
\BOOKMARK [3][-]{subsubsection.6.12.2.2}{\376\377\0006\000.\0001\0002\000.\0002\000.\0002\000\040\000Y\000Y\000\137\000D\000O\000\137\000B\000E\000F\000O\000R\000E\000\137\000A\000C\000T\000I\000O\000N}{subsection.6.12.2}% 59
\BOOKMARK [3][-]{subsubsection.6.12.2.3}{\376\377\0006\000.\0001\0002\000.\0002\000.\0003\000\040\000Y\000Y\000\137\000I\000N\000P\000U\000T}{subsection.6.12.2}% 60
\BOOKMARK [3][-]{subsubsection.6.12.2.4}{\376\377\0006\000.\0001\0002\000.\0002\000.\0004\000\040\000y\000y\000\137\000s\000e\000t\000\137\000b\000o\000l}{subsection.6.12.2}% 61
\BOOKMARK [3][-]{subsubsection.6.12.2.5}{\376\377\0006\000.\0001\0002\000.\0002\000.\0005\000\040\000y\000y\000\137\000s\000e\000t\000\137\000i\000n\000t\000e\000r\000a\000c\000t\000i\000v\000e}{subsection.6.12.2}% 62
\BOOKMARK [3][-]{subsubsection.6.12.2.6}{\376\377\0006\000.\0001\0002\000.\0002\000.\0006\000\040\000y\000y\000l\000e\000s\000s\000\040\000[\0001\000/\0002\000]}{subsection.6.12.2}% 63
\BOOKMARK [3][-]{subsubsection.6.12.2.7}{\376\377\0006\000.\0001\0002\000.\0002\000.\0007\000\040\000y\000y\000l\000e\000s\000s\000\040\000[\0002\000/\0002\000]}{subsection.6.12.2}% 64
\BOOKMARK [2][-]{subsection.6.12.3}{\376\377\0006\000.\0001\0002\000.\0003\000\040\000V\000a\000r\000i\000a\000b\000l\000e\000\040\000D\000o\000c\000u\000m\000e\000n\000t\000a\000t\000i\000o\000n}{section.6.12}% 65
\BOOKMARK [3][-]{subsubsection.6.12.3.1}{\376\377\0006\000.\0001\0002\000.\0003\000.\0001\000\040\000Y\000Y\000\137\000D\000E\000C\000L}{subsection.6.12.3}% 66
\BOOKMARK [1][-]{section.6.13}{\376\377\0006\000.\0001\0003\000\040\000n\000o\000t\000B\000y\000M\000e\000/\000l\000e\000x\000\137\000y\000y\000.\000h\000\040\000F\000i\000l\000e\000\040\000R\000e\000f\000e\000r\000e\000n\000c\000e}{chapter.6}% 67
\BOOKMARK [2][-]{subsection.6.13.1}{\376\377\0006\000.\0001\0003\000.\0001\000\040\000D\000e\000t\000a\000i\000l\000e\000d\000\040\000D\000e\000s\000c\000r\000i\000p\000t\000i\000o\000n}{section.6.13}% 68
\BOOKMARK [1][-]{section.6.14}{\376\377\0006\000.\0001\0004\000\040\000l\000e\000x\000\137\000y\000y\000.\000h}{chapter.6}% 69
\BOOKMARK [1][-]{section.6.15}{\376\377\0006\000.\0001\0005\000\040\000n\000o\000t\000B\000y\000M\000e\000/\000n\000o\000C\000o\000m\000m\000e\000n\000t\000s\000.\000l\000\040\000F\000i\000l\000e\000\040\000R\000e\000f\000e\000r\000e\000n\000c\000e}{chapter.6}% 70
\BOOKMARK [2][-]{subsection.6.15.1}{\376\377\0006\000.\0001\0005\000.\0001\000\040\000D\000e\000t\000a\000i\000l\000e\000d\000\040\000D\000e\000s\000c\000r\000i\000p\000t\000i\000o\000n}{section.6.15}% 71
\BOOKMARK [0][-]{section*.27}{\376\377\000I\000n\000d\000e\000x}{}% 72
