\BOOKMARK [0][-]{chapter.1}{\376\377\0001\000\040\000N\000O\000T\000B\000Y\000M\000E}{}% 1
\BOOKMARK [0][-]{chapter.2}{\376\377\0002\000\040\000T\000o\000d\000o\000\040\000L\000i\000s\000t}{}% 2
\BOOKMARK [0][-]{chapter.3}{\376\377\0003\000\040\000M\000o\000d\000u\000l\000e\000\040\000I\000n\000d\000e\000x}{}% 3
\BOOKMARK [1][-]{section.3.1}{\376\377\0003\000.\0001\000\040\000M\000o\000d\000u\000l\000e\000s}{chapter.3}% 4
\BOOKMARK [0][-]{chapter.4}{\376\377\0004\000\040\000D\000a\000t\000a\000\040\000S\000t\000r\000u\000c\000t\000u\000r\000e\000\040\000I\000n\000d\000e\000x}{}% 5
\BOOKMARK [1][-]{section.4.1}{\376\377\0004\000.\0001\000\040\000D\000a\000t\000a\000\040\000S\000t\000r\000u\000c\000t\000u\000r\000e\000s}{chapter.4}% 6
\BOOKMARK [0][-]{chapter.5}{\376\377\0005\000\040\000F\000i\000l\000e\000\040\000I\000n\000d\000e\000x}{}% 7
\BOOKMARK [1][-]{section.5.1}{\376\377\0005\000.\0001\000\040\000F\000i\000l\000e\000\040\000L\000i\000s\000t}{chapter.5}% 8
\BOOKMARK [0][-]{chapter.6}{\376\377\0006\000\040\000M\000o\000d\000u\000l\000e\000\040\000D\000o\000c\000u\000m\000e\000n\000t\000a\000t\000i\000o\000n}{}% 9
\BOOKMARK [1][-]{section.6.1}{\376\377\0006\000.\0001\000\040\000C\000o\000r\000e\000\040\000C\000\040\000s\000o\000u\000r\000c\000e\000\040\000c\000o\000d\000e}{chapter.6}% 10
\BOOKMARK [2][-]{subsection.6.1.1}{\376\377\0006\000.\0001\000.\0001\000\040\000D\000e\000t\000a\000i\000l\000e\000d\000\040\000D\000e\000s\000c\000r\000i\000p\000t\000i\000o\000n}{section.6.1}% 11
\BOOKMARK [1][-]{section.6.2}{\376\377\0006\000.\0002\000\040\000C\000o\000r\000e\000\040\000C\000\040\000h\000e\000a\000d\000e\000r\000s}{chapter.6}% 12
\BOOKMARK [2][-]{subsection.6.2.1}{\376\377\0006\000.\0002\000.\0001\000\040\000D\000e\000t\000a\000i\000l\000e\000d\000\040\000D\000e\000s\000c\000r\000i\000p\000t\000i\000o\000n}{section.6.2}% 13
\BOOKMARK [1][-]{section.6.3}{\376\377\0006\000.\0003\000\040\000C\000o\000r\000e\000\040\000l\000i\000b\000\040\000C\000\040\000h\000e\000a\000d\000e\000r\000s}{chapter.6}% 14
\BOOKMARK [2][-]{subsection.6.3.1}{\376\377\0006\000.\0003\000.\0001\000\040\000D\000e\000t\000a\000i\000l\000e\000d\000\040\000D\000e\000s\000c\000r\000i\000p\000t\000i\000o\000n}{section.6.3}% 15
\BOOKMARK [1][-]{section.6.4}{\376\377\0006\000.\0004\000\040\000C\000\040\000s\000o\000u\000r\000c\000e\000\040\000c\000o\000d\000e\000\040\000f\000o\000r\000\040\000m\000y\000\040\000p\000e\000r\000s\000o\000n\000n\000a\000l\000\040\000p\000r\000o\000j\000e\000c\000t}{chapter.6}% 16
\BOOKMARK [2][-]{subsection.6.4.1}{\376\377\0006\000.\0004\000.\0001\000\040\000D\000e\000t\000a\000i\000l\000e\000d\000\040\000D\000e\000s\000c\000r\000i\000p\000t\000i\000o\000n}{section.6.4}% 17
\BOOKMARK [1][-]{section.6.5}{\376\377\0006\000.\0005\000\040\000C\000\040\000s\000o\000u\000r\000c\000e\000\040\000c\000o\000d\000e\000\040\000f\000o\000r\000\040\000m\000y\000\040\000p\000e\000r\000s\000o\000n\000n\000a\000l\000\040\000p\000r\000o\000j\000e\000c\000t\000,\000\040\000m\000a\000d\000e\000\040\000b\000y\000\040\000m\000e}{chapter.6}% 18
\BOOKMARK [2][-]{subsection.6.5.1}{\376\377\0006\000.\0005\000.\0001\000\040\000D\000e\000t\000a\000i\000l\000e\000d\000\040\000D\000e\000s\000c\000r\000i\000p\000t\000i\000o\000n}{section.6.5}% 19
\BOOKMARK [1][-]{section.6.6}{\376\377\0006\000.\0006\000\040\000C\000\040\000H\000e\000a\000d\000e\000r\000s\000\040\000f\000o\000r\000\040\000m\000y\000\040\000p\000e\000r\000s\000o\000n\000n\000a\000l\000\040\000p\000r\000o\000j\000e\000c\000t}{chapter.6}% 20
\BOOKMARK [2][-]{subsection.6.6.1}{\376\377\0006\000.\0006\000.\0001\000\040\000D\000e\000t\000a\000i\000l\000e\000d\000\040\000D\000e\000s\000c\000r\000i\000p\000t\000i\000o\000n}{section.6.6}% 21
\BOOKMARK [1][-]{section.6.7}{\376\377\0006\000.\0007\000\040\000C\000\040\000H\000e\000a\000d\000e\000r\000s\000\040\000f\000o\000r\000\040\000m\000y\000\040\000p\000e\000r\000s\000o\000n\000n\000a\000l\000\040\000p\000r\000o\000j\000e\000c\000t\000,\000\040\000m\000a\000d\000e\000\040\000b\000y\000\040\000m\000e}{chapter.6}% 22
\BOOKMARK [2][-]{subsection.6.7.1}{\376\377\0006\000.\0007\000.\0001\000\040\000D\000e\000t\000a\000i\000l\000e\000d\000\040\000D\000e\000s\000c\000r\000i\000p\000t\000i\000o\000n}{section.6.7}% 23
\BOOKMARK [1][-]{section.6.8}{\376\377\0006\000.\0008\000\040\000M\000a\000i\000n\000\040\000C\000\040\000h\000e\000a\000d\000e\000r}{chapter.6}% 24
\BOOKMARK [2][-]{subsection.6.8.1}{\376\377\0006\000.\0008\000.\0001\000\040\000D\000e\000t\000a\000i\000l\000e\000d\000\040\000D\000e\000s\000c\000r\000i\000p\000t\000i\000o\000n}{section.6.8}% 25
\BOOKMARK [1][-]{section.6.9}{\376\377\0006\000.\0009\000\040\000C\000\040\000s\000o\000u\000r\000c\000e\000\040\000c\000o\000d\000e\000\040\000f\000o\000r\000\040\000m\000y\000\040\000p\000e\000r\000s\000o\000n\000n\000a\000l\000\040\000p\000r\000o\000j\000e\000c\000t\000,\000\040\000m\000a\000d\000e\000\040\000b\000y\000\040\000m\000e\000\040\000a\000n\000d\000\040\000f\000l\000e\000x}{chapter.6}% 26
\BOOKMARK [2][-]{subsection.6.9.1}{\376\377\0006\000.\0009\000.\0001\000\040\000D\000e\000t\000a\000i\000l\000e\000d\000\040\000D\000e\000s\000c\000r\000i\000p\000t\000i\000o\000n}{section.6.9}% 27
\BOOKMARK [1][-]{section.6.10}{\376\377\0006\000.\0001\0000\000\040\000C\000\040\000H\000e\000a\000d\000e\000r\000s\000\040\000f\000o\000r\000\040\000m\000y\000\040\000p\000e\000r\000s\000o\000n\000n\000a\000l\000\040\000p\000r\000o\000j\000e\000c\000t\000,\000\040\000m\000a\000d\000e\000\040\000b\000y\000\040\000m\000e\000\040\000a\000n\000d\000\040\000f\000l\000e\000x}{chapter.6}% 28
\BOOKMARK [2][-]{subsection.6.10.1}{\376\377\0006\000.\0001\0000\000.\0001\000\040\000D\000e\000t\000a\000i\000l\000e\000d\000\040\000D\000e\000s\000c\000r\000i\000p\000t\000i\000o\000n}{section.6.10}% 29
\BOOKMARK [1][-]{section.6.11}{\376\377\0006\000.\0001\0001\000\040\000F\000l\000e\000x\000\040\000s\000o\000u\000r\000c\000e\000\040\000f\000i\000l\000e\000s}{chapter.6}% 30
\BOOKMARK [2][-]{subsection.6.11.1}{\376\377\0006\000.\0001\0001\000.\0001\000\040\000D\000e\000t\000a\000i\000l\000e\000d\000\040\000D\000e\000s\000c\000r\000i\000p\000t\000i\000o\000n}{section.6.11}% 31
\BOOKMARK [0][-]{chapter.7}{\376\377\0007\000\040\000D\000a\000t\000a\000\040\000S\000t\000r\000u\000c\000t\000u\000r\000e\000\040\000D\000o\000c\000u\000m\000e\000n\000t\000a\000t\000i\000o\000n}{}% 32
\BOOKMARK [1][-]{section.7.1}{\376\377\0007\000.\0001\000\040\000F\000M\000A\000N\000C\000\137\000S\000O\000\040\000S\000t\000r\000u\000c\000t\000\040\000R\000e\000f\000e\000r\000e\000n\000c\000e}{chapter.7}% 33
\BOOKMARK [2][-]{subsection.7.1.1}{\376\377\0007\000.\0001\000.\0001\000\040\000D\000e\000t\000a\000i\000l\000e\000d\000\040\000D\000e\000s\000c\000r\000i\000p\000t\000i\000o\000n}{section.7.1}% 34
\BOOKMARK [2][-]{subsection.7.1.2}{\376\377\0007\000.\0001\000.\0002\000\040\000F\000i\000e\000l\000d\000\040\000D\000o\000c\000u\000m\000e\000n\000t\000a\000t\000i\000o\000n}{section.7.1}% 35
\BOOKMARK [3][-]{subsubsection.7.1.2.1}{\376\377\0007\000.\0001\000.\0002\000.\0001\000\040\000c\000h\000a\000r\000C\000o\000u\000n\000t}{subsection.7.1.2}% 36
\BOOKMARK [3][-]{subsubsection.7.1.2.2}{\376\377\0007\000.\0001\000.\0002\000.\0002\000\040\000p\000o\000s}{subsection.7.1.2}% 37
\BOOKMARK [0][-]{chapter.8}{\376\377\0008\000\040\000F\000i\000l\000e\000\040\000D\000o\000c\000u\000m\000e\000n\000t\000a\000t\000i\000o\000n}{}% 38
\BOOKMARK [1][-]{section.8.1}{\376\377\0008\000.\0001\000\040\000d\000o\000c\000s\000/\000s\000r\000c\000\137\000d\000o\000c\000u\000m\000e\000n\000t\000e\000d\000/\000a\000n\000a\000l\000y\000z\000e\000.\000c\000\040\000F\000i\000l\000e\000\040\000R\000e\000f\000e\000r\000e\000n\000c\000e}{chapter.8}% 39
\BOOKMARK [2][-]{subsection.8.1.1}{\376\377\0008\000.\0001\000.\0001\000\040\000D\000e\000t\000a\000i\000l\000e\000d\000\040\000D\000e\000s\000c\000r\000i\000p\000t\000i\000o\000n}{section.8.1}% 40
\BOOKMARK [2][-]{subsection.8.1.2}{\376\377\0008\000.\0001\000.\0002\000\040\000F\000u\000n\000c\000t\000i\000o\000n\000\040\000D\000o\000c\000u\000m\000e\000n\000t\000a\000t\000i\000o\000n}{section.8.1}% 41
\BOOKMARK [3][-]{subsubsection.8.1.2.1}{\376\377\0008\000.\0001\000.\0002\000.\0001\000\040\000c\000o\000u\000n\000t\000C\000h\000a\000r\000I\000n\000F\000i\000l\000e\000\050\000\051}{subsection.8.1.2}% 42
\BOOKMARK [3][-]{subsubsection.8.1.2.2}{\376\377\0008\000.\0001\000.\0002\000.\0002\000\040\000f\000r\000e\000e\000\137\000s\000t\000r\000i\000n\000g\000O\000c\000c\000u\000r\000r\000e\000n\000c\000e\000s\000\050\000\051}{subsection.8.1.2}% 43
\BOOKMARK [3][-]{subsubsection.8.1.2.3}{\376\377\0008\000.\0001\000.\0002\000.\0003\000\040\000i\000n\000i\000t\000\137\000S\000t\000r\000i\000n\000g\000O\000c\000c\000u\000r\000e\000n\000c\000e\000s\000\050\000\051}{subsection.8.1.2}% 44
\BOOKMARK [3][-]{subsubsection.8.1.2.4}{\376\377\0008\000.\0001\000.\0002\000.\0004\000\040\000r\000e\000p\000l\000a\000c\000e\000S\000t\000r\000i\000n\000g\000I\000n\000F\000i\000l\000e\000\050\000\051}{subsection.8.1.2}% 45
\BOOKMARK [3][-]{subsubsection.8.1.2.5}{\376\377\0008\000.\0001\000.\0002\000.\0005\000\040\000s\000e\000a\000r\000c\000h\000S\000t\000r\000i\000n\000g\000I\000n\000F\000i\000l\000e\000\050\000\051}{subsection.8.1.2}% 46
\BOOKMARK [1][-]{section.8.2}{\376\377\0008\000.\0002\000\040\000a\000n\000a\000l\000y\000z\000e\000.\000c}{chapter.8}% 47
\BOOKMARK [1][-]{section.8.3}{\376\377\0008\000.\0003\000\040\000d\000o\000c\000s\000/\000s\000r\000c\000\137\000d\000o\000c\000u\000m\000e\000n\000t\000e\000d\000/\000a\000n\000a\000l\000y\000z\000e\000.\000h\000\040\000F\000i\000l\000e\000\040\000R\000e\000f\000e\000r\000e\000n\000c\000e}{chapter.8}% 48
\BOOKMARK [2][-]{subsection.8.3.1}{\376\377\0008\000.\0003\000.\0001\000\040\000D\000e\000t\000a\000i\000l\000e\000d\000\040\000D\000e\000s\000c\000r\000i\000p\000t\000i\000o\000n}{section.8.3}% 49
\BOOKMARK [2][-]{subsection.8.3.2}{\376\377\0008\000.\0003\000.\0002\000\040\000M\000a\000c\000r\000o\000\040\000D\000e\000f\000i\000n\000i\000t\000i\000o\000n\000\040\000D\000o\000c\000u\000m\000e\000n\000t\000a\000t\000i\000o\000n}{section.8.3}% 50
\BOOKMARK [3][-]{subsubsection.8.3.2.1}{\376\377\0008\000.\0003\000.\0002\000.\0001\000\040\000S\000H\000A\000R\000E\000D}{subsection.8.3.2}% 51
\BOOKMARK [2][-]{subsection.8.3.3}{\376\377\0008\000.\0003\000.\0003\000\040\000T\000y\000p\000e\000d\000e\000f\000\040\000D\000o\000c\000u\000m\000e\000n\000t\000a\000t\000i\000o\000n}{section.8.3}% 52
\BOOKMARK [3][-]{subsubsection.8.3.3.1}{\376\377\0008\000.\0003\000.\0003\000.\0001\000\040\000s\000t\000r\000i\000n\000g\000O\000c\000c\000u\000r\000r\000e\000n\000c\000e\000s}{subsection.8.3.3}% 53
\BOOKMARK [2][-]{subsection.8.3.4}{\376\377\0008\000.\0003\000.\0004\000\040\000F\000u\000n\000c\000t\000i\000o\000n\000\040\000D\000o\000c\000u\000m\000e\000n\000t\000a\000t\000i\000o\000n}{section.8.3}% 54
\BOOKMARK [3][-]{subsubsection.8.3.4.1}{\376\377\0008\000.\0003\000.\0004\000.\0001\000\040\000c\000o\000u\000n\000t\000C\000h\000a\000r\000I\000n\000F\000i\000l\000e\000\050\000\051}{subsection.8.3.4}% 55
\BOOKMARK [3][-]{subsubsection.8.3.4.2}{\376\377\0008\000.\0003\000.\0004\000.\0002\000\040\000f\000r\000e\000e\000\137\000s\000t\000r\000i\000n\000g\000O\000c\000c\000u\000r\000r\000e\000n\000c\000e\000s\000\050\000\051}{subsection.8.3.4}% 56
\BOOKMARK [3][-]{subsubsection.8.3.4.3}{\376\377\0008\000.\0003\000.\0004\000.\0003\000\040\000i\000n\000i\000t\000\137\000S\000t\000r\000i\000n\000g\000O\000c\000c\000u\000r\000e\000n\000c\000e\000s\000\050\000\051}{subsection.8.3.4}% 57
\BOOKMARK [3][-]{subsubsection.8.3.4.4}{\376\377\0008\000.\0003\000.\0004\000.\0004\000\040\000r\000e\000p\000l\000a\000c\000e\000S\000t\000r\000i\000n\000g\000I\000n\000F\000i\000l\000e\000\050\000\051}{subsection.8.3.4}% 58
\BOOKMARK [3][-]{subsubsection.8.3.4.5}{\376\377\0008\000.\0003\000.\0004\000.\0005\000\040\000s\000e\000a\000r\000c\000h\000S\000t\000r\000i\000n\000g\000I\000n\000F\000i\000l\000e\000\050\000\051}{subsection.8.3.4}% 59
\BOOKMARK [1][-]{section.8.4}{\376\377\0008\000.\0004\000\040\000a\000n\000a\000l\000y\000z\000e\000.\000h}{chapter.8}% 60
\BOOKMARK [1][-]{section.8.5}{\376\377\0008\000.\0005\000\040\000d\000o\000c\000s\000/\000s\000r\000c\000\137\000d\000o\000c\000u\000m\000e\000n\000t\000e\000d\000/\000f\000c\000m\000x\000.\000c\000\040\000F\000i\000l\000e\000\040\000R\000e\000f\000e\000r\000e\000n\000c\000e}{chapter.8}% 61
\BOOKMARK [2][-]{subsection.8.5.1}{\376\377\0008\000.\0005\000.\0001\000\040\000D\000e\000t\000a\000i\000l\000e\000d\000\040\000D\000e\000s\000c\000r\000i\000p\000t\000i\000o\000n}{section.8.5}% 62
\BOOKMARK [1][-]{section.8.6}{\376\377\0008\000.\0006\000\040\000f\000c\000m\000x\000.\000c}{chapter.8}% 63
\BOOKMARK [1][-]{section.8.7}{\376\377\0008\000.\0007\000\040\000d\000o\000c\000s\000/\000s\000r\000c\000\137\000d\000o\000c\000u\000m\000e\000n\000t\000e\000d\000/\000f\000c\000m\000x\000.\000h\000\040\000F\000i\000l\000e\000\040\000R\000e\000f\000e\000r\000e\000n\000c\000e}{chapter.8}% 64
\BOOKMARK [2][-]{subsection.8.7.1}{\376\377\0008\000.\0007\000.\0001\000\040\000D\000e\000t\000a\000i\000l\000e\000d\000\040\000D\000e\000s\000c\000r\000i\000p\000t\000i\000o\000n}{section.8.7}% 65
\BOOKMARK [2][-]{subsection.8.7.2}{\376\377\0008\000.\0007\000.\0002\000\040\000M\000a\000c\000r\000o\000\040\000D\000e\000f\000i\000n\000i\000t\000i\000o\000n\000\040\000D\000o\000c\000u\000m\000e\000n\000t\000a\000t\000i\000o\000n}{section.8.7}% 66
\BOOKMARK [3][-]{subsubsection.8.7.2.1}{\376\377\0008\000.\0007\000.\0002\000.\0001\000\040\000S\000H\000A\000R\000E\000D}{subsection.8.7.2}% 67
\BOOKMARK [2][-]{subsection.8.7.3}{\376\377\0008\000.\0007\000.\0003\000\040\000F\000u\000n\000c\000t\000i\000o\000n\000\040\000D\000o\000c\000u\000m\000e\000n\000t\000a\000t\000i\000o\000n}{section.8.7}% 68
\BOOKMARK [3][-]{subsubsection.8.7.3.1}{\376\377\0008\000.\0007\000.\0003\000.\0001\000\040\000c\000o\000p\000y\000F\000i\000l\000e\000W\000i\000t\000h\000o\000u\000t\000S\000t\000r\000i\000n\000g\000s\000\050\000\051}{subsection.8.7.3}% 69
\BOOKMARK [1][-]{section.8.8}{\376\377\0008\000.\0008\000\040\000f\000c\000m\000x\000.\000h}{chapter.8}% 70
\BOOKMARK [1][-]{section.8.9}{\376\377\0008\000.\0009\000\040\000d\000o\000c\000s\000/\000s\000r\000c\000\137\000d\000o\000c\000u\000m\000e\000n\000t\000e\000d\000/\000f\000i\000l\000e\000M\000a\000n\000.\000c\000\040\000F\000i\000l\000e\000\040\000R\000e\000f\000e\000r\000e\000n\000c\000e}{chapter.8}% 71
\BOOKMARK [2][-]{subsection.8.9.1}{\376\377\0008\000.\0009\000.\0001\000\040\000D\000e\000t\000a\000i\000l\000e\000d\000\040\000D\000e\000s\000c\000r\000i\000p\000t\000i\000o\000n}{section.8.9}% 72
\BOOKMARK [2][-]{subsection.8.9.2}{\376\377\0008\000.\0009\000.\0002\000\040\000F\000u\000n\000c\000t\000i\000o\000n\000\040\000D\000o\000c\000u\000m\000e\000n\000t\000a\000t\000i\000o\000n}{section.8.9}% 73
\BOOKMARK [3][-]{subsubsection.8.9.2.1}{\376\377\0008\000.\0009\000.\0002\000.\0001\000\040\000c\000o\000p\000y\000F\000i\000l\000e\000W\000i\000t\000h\000o\000u\000t\000T\000a\000b\000A\000n\000d\000L\000i\000n\000e\000B\000r\000e\000a\000k\000\050\000\051}{subsection.8.9.2}% 74
\BOOKMARK [3][-]{subsubsection.8.9.2.2}{\376\377\0008\000.\0009\000.\0002\000.\0002\000\040\000f\000g\000e\000t\000F\000i\000l\000e\000E\000x\000t\000e\000n\000s\000i\000o\000n\000\050\000\051}{subsection.8.9.2}% 75
\BOOKMARK [3][-]{subsubsection.8.9.2.3}{\376\377\0008\000.\0009\000.\0002\000.\0003\000\040\000f\000g\000e\000t\000F\000i\000l\000e\000N\000a\000m\000e\000\050\000\051}{subsection.8.9.2}% 76
\BOOKMARK [3][-]{subsubsection.8.9.2.4}{\376\377\0008\000.\0009\000.\0002\000.\0004\000\040\000f\000g\000e\000t\000F\000i\000l\000e\000P\000a\000t\000h\000\050\000\051}{subsection.8.9.2}% 77
\BOOKMARK [1][-]{section.8.10}{\376\377\0008\000.\0001\0000\000\040\000f\000i\000l\000e\000M\000a\000n\000.\000c}{chapter.8}% 78
\BOOKMARK [1][-]{section.8.11}{\376\377\0008\000.\0001\0001\000\040\000d\000o\000c\000s\000/\000s\000r\000c\000\137\000d\000o\000c\000u\000m\000e\000n\000t\000e\000d\000/\000f\000i\000l\000e\000M\000a\000n\000.\000h\000\040\000F\000i\000l\000e\000\040\000R\000e\000f\000e\000r\000e\000n\000c\000e}{chapter.8}% 79
\BOOKMARK [2][-]{subsection.8.11.1}{\376\377\0008\000.\0001\0001\000.\0001\000\040\000D\000e\000t\000a\000i\000l\000e\000d\000\040\000D\000e\000s\000c\000r\000i\000p\000t\000i\000o\000n}{section.8.11}% 80
\BOOKMARK [2][-]{subsection.8.11.2}{\376\377\0008\000.\0001\0001\000.\0002\000\040\000M\000a\000c\000r\000o\000\040\000D\000e\000f\000i\000n\000i\000t\000i\000o\000n\000\040\000D\000o\000c\000u\000m\000e\000n\000t\000a\000t\000i\000o\000n}{section.8.11}% 81
\BOOKMARK [3][-]{subsubsection.8.11.2.1}{\376\377\0008\000.\0001\0001\000.\0002\000.\0001\000\040\000g\000e\000t\000F\000i\000l\000e\000E\000x\000t\000e\000n\000s\000i\000o\000n}{subsection.8.11.2}% 82
\BOOKMARK [3][-]{subsubsection.8.11.2.2}{\376\377\0008\000.\0001\0001\000.\0002\000.\0002\000\040\000g\000e\000t\000F\000i\000l\000e\000N\000a\000m\000e}{subsection.8.11.2}% 83
\BOOKMARK [3][-]{subsubsection.8.11.2.3}{\376\377\0008\000.\0001\0001\000.\0002\000.\0003\000\040\000g\000e\000t\000F\000i\000l\000e\000P\000a\000t\000h}{subsection.8.11.2}% 84
\BOOKMARK [3][-]{subsubsection.8.11.2.4}{\376\377\0008\000.\0001\0001\000.\0002\000.\0004\000\040\000M\000A\000X\000\137\000F\000E\000X\000T\000\137\000S\000I\000Z\000E}{subsection.8.11.2}% 85
\BOOKMARK [3][-]{subsubsection.8.11.2.5}{\376\377\0008\000.\0001\0001\000.\0002\000.\0005\000\040\000M\000A\000X\000\137\000F\000N\000A\000M\000E\000\137\000S\000I\000Z\000E}{subsection.8.11.2}% 86
\BOOKMARK [3][-]{subsubsection.8.11.2.6}{\376\377\0008\000.\0001\0001\000.\0002\000.\0006\000\040\000M\000A\000X\000\137\000F\000P\000A\000T\000H\000\137\000S\000I\000Z\000E}{subsection.8.11.2}% 87
\BOOKMARK [3][-]{subsubsection.8.11.2.7}{\376\377\0008\000.\0001\0001\000.\0002\000.\0007\000\040\000S\000H\000A\000R\000E\000D}{subsection.8.11.2}% 88
\BOOKMARK [2][-]{subsection.8.11.3}{\376\377\0008\000.\0001\0001\000.\0003\000\040\000F\000u\000n\000c\000t\000i\000o\000n\000\040\000D\000o\000c\000u\000m\000e\000n\000t\000a\000t\000i\000o\000n}{section.8.11}% 89
\BOOKMARK [3][-]{subsubsection.8.11.3.1}{\376\377\0008\000.\0001\0001\000.\0003\000.\0001\000\040\000c\000o\000p\000y\000F\000i\000l\000e\000W\000i\000t\000h\000o\000u\000t\000T\000a\000b\000A\000n\000d\000L\000i\000n\000e\000B\000r\000e\000a\000k\000\050\000\051}{subsection.8.11.3}% 90
\BOOKMARK [3][-]{subsubsection.8.11.3.2}{\376\377\0008\000.\0001\0001\000.\0003\000.\0002\000\040\000f\000g\000e\000t\000F\000i\000l\000e\000E\000x\000t\000e\000n\000s\000i\000o\000n\000\050\000\051}{subsection.8.11.3}% 91
\BOOKMARK [3][-]{subsubsection.8.11.3.3}{\376\377\0008\000.\0001\0001\000.\0003\000.\0003\000\040\000f\000g\000e\000t\000F\000i\000l\000e\000N\000a\000m\000e\000\050\000\051}{subsection.8.11.3}% 92
\BOOKMARK [3][-]{subsubsection.8.11.3.4}{\376\377\0008\000.\0001\0001\000.\0003\000.\0004\000\040\000f\000g\000e\000t\000F\000i\000l\000e\000P\000a\000t\000h\000\050\000\051}{subsection.8.11.3}% 93
\BOOKMARK [1][-]{section.8.12}{\376\377\0008\000.\0001\0002\000\040\000f\000i\000l\000e\000M\000a\000n\000.\000h}{chapter.8}% 94
\BOOKMARK [1][-]{section.8.13}{\376\377\0008\000.\0001\0003\000\040\000d\000o\000c\000s\000/\000s\000r\000c\000\137\000d\000o\000c\000u\000m\000e\000n\000t\000e\000d\000/\000f\000m\000a\000n\000c\000.\000h\000\040\000F\000i\000l\000e\000\040\000R\000e\000f\000e\000r\000e\000n\000c\000e}{chapter.8}% 95
\BOOKMARK [2][-]{subsection.8.13.1}{\376\377\0008\000.\0001\0003\000.\0001\000\040\000D\000e\000t\000a\000i\000l\000e\000d\000\040\000D\000e\000s\000c\000r\000i\000p\000t\000i\000o\000n}{section.8.13}% 96
\BOOKMARK [2][-]{subsection.8.13.2}{\376\377\0008\000.\0001\0003\000.\0002\000\040\000M\000a\000c\000r\000o\000\040\000D\000e\000f\000i\000n\000i\000t\000i\000o\000n\000\040\000D\000o\000c\000u\000m\000e\000n\000t\000a\000t\000i\000o\000n}{section.8.13}% 97
\BOOKMARK [3][-]{subsubsection.8.13.2.1}{\376\377\0008\000.\0001\0003\000.\0002\000.\0001\000\040\000S\000H\000A\000R\000E\000D}{subsection.8.13.2}% 98
\BOOKMARK [1][-]{section.8.14}{\376\377\0008\000.\0001\0004\000\040\000f\000m\000a\000n\000c\000.\000h}{chapter.8}% 99
\BOOKMARK [1][-]{section.8.15}{\376\377\0008\000.\0001\0005\000\040\000d\000o\000c\000s\000/\000s\000r\000c\000\137\000d\000o\000c\000u\000m\000e\000n\000t\000e\000d\000/\000n\000o\000t\000B\000y\000M\000e\000/\000l\000e\000x\000\137\000y\000y\000.\000c\000\040\000F\000i\000l\000e\000\040\000R\000e\000f\000e\000r\000e\000n\000c\000e}{chapter.8}% 100
\BOOKMARK [2][-]{subsection.8.15.1}{\376\377\0008\000.\0001\0005\000.\0001\000\040\000D\000e\000t\000a\000i\000l\000e\000d\000\040\000D\000e\000s\000c\000r\000i\000p\000t\000i\000o\000n}{section.8.15}% 101
\BOOKMARK [2][-]{subsection.8.15.2}{\376\377\0008\000.\0001\0005\000.\0002\000\040\000M\000a\000c\000r\000o\000\040\000D\000e\000f\000i\000n\000i\000t\000i\000o\000n\000\040\000D\000o\000c\000u\000m\000e\000n\000t\000a\000t\000i\000o\000n}{section.8.15}% 102
\BOOKMARK [3][-]{subsubsection.8.15.2.1}{\376\377\0008\000.\0001\0005\000.\0002\000.\0001\000\040\000B\000E\000G\000I\000N}{subsection.8.15.2}% 103
\BOOKMARK [3][-]{subsubsection.8.15.2.2}{\376\377\0008\000.\0001\0005\000.\0002\000.\0002\000\040\000C\000h\000a\000r}{subsection.8.15.2}% 104
\BOOKMARK [3][-]{subsubsection.8.15.2.3}{\376\377\0008\000.\0001\0005\000.\0002\000.\0003\000\040\000C\000o\000m\000m\000e\000n\000t}{subsection.8.15.2}% 105
\BOOKMARK [3][-]{subsubsection.8.15.2.4}{\376\377\0008\000.\0001\0005\000.\0002\000.\0004\000\040\000C\000P\000P\000C\000o\000m\000m\000e\000n\000t}{subsection.8.15.2}% 106
\BOOKMARK [3][-]{subsubsection.8.15.2.5}{\376\377\0008\000.\0001\0005\000.\0002\000.\0005\000\040\000E\000C\000H\000O}{subsection.8.15.2}% 107
\BOOKMARK [3][-]{subsubsection.8.15.2.6}{\376\377\0008\000.\0001\0005\000.\0002\000.\0006\000\040\000E\000O\000B\000\137\000A\000C\000T\000\137\000C\000O\000N\000T\000I\000N\000U\000E\000\137\000S\000C\000A\000N}{subsection.8.15.2}% 108
\BOOKMARK [3][-]{subsubsection.8.15.2.7}{\376\377\0008\000.\0001\0005\000.\0002\000.\0007\000\040\000E\000O\000B\000\137\000A\000C\000T\000\137\000E\000N\000D\000\137\000O\000F\000\137\000F\000I\000L\000E}{subsection.8.15.2}% 109
\BOOKMARK [3][-]{subsubsection.8.15.2.8}{\376\377\0008\000.\0001\0005\000.\0002\000.\0008\000\040\000E\000O\000B\000\137\000A\000C\000T\000\137\000L\000A\000S\000T\000\137\000M\000A\000T\000C\000H}{subsection.8.15.2}% 110
\BOOKMARK [3][-]{subsubsection.8.15.2.9}{\376\377\0008\000.\0001\0005\000.\0002\000.\0009\000\040\000F\000L\000E\000X\000\137\000B\000E\000T\000A}{subsection.8.15.2}% 111
\BOOKMARK [3][-]{subsubsection.8.15.2.10}{\376\377\0008\000.\0001\0005\000.\0002\000.\0001\0000\000\040\000F\000L\000E\000X\000\137\000S\000C\000A\000N\000N\000E\000R}{subsection.8.15.2}% 112
\BOOKMARK [3][-]{subsubsection.8.15.2.11}{\376\377\0008\000.\0001\0005\000.\0002\000.\0001\0001\000\040\000F\000L\000E\000X\000I\000N\000T\000\137\000H}{subsection.8.15.2}% 113
\BOOKMARK [3][-]{subsubsection.8.15.2.12}{\376\377\0008\000.\0001\0005\000.\0002\000.\0001\0002\000\040\000I\000N\000I\000T\000I\000A\000L}{subsection.8.15.2}% 114
\BOOKMARK [3][-]{subsubsection.8.15.2.13}{\376\377\0008\000.\0001\0005\000.\0002\000.\0001\0003\000\040\000I\000N\000T\0001\0006\000\137\000M\000A\000X}{subsection.8.15.2}% 115
\BOOKMARK [3][-]{subsubsection.8.15.2.14}{\376\377\0008\000.\0001\0005\000.\0002\000.\0001\0004\000\040\000I\000N\000T\0001\0006\000\137\000M\000I\000N}{subsection.8.15.2}% 116
\BOOKMARK [3][-]{subsubsection.8.15.2.15}{\376\377\0008\000.\0001\0005\000.\0002\000.\0001\0005\000\040\000I\000N\000T\0003\0002\000\137\000M\000A\000X}{subsection.8.15.2}% 117
\BOOKMARK [3][-]{subsubsection.8.15.2.16}{\376\377\0008\000.\0001\0005\000.\0002\000.\0001\0006\000\040\000I\000N\000T\0003\0002\000\137\000M\000I\000N}{subsection.8.15.2}% 118
\BOOKMARK [3][-]{subsubsection.8.15.2.17}{\376\377\0008\000.\0001\0005\000.\0002\000.\0001\0007\000\040\000I\000N\000T\0008\000\137\000M\000A\000X}{subsection.8.15.2}% 119
\BOOKMARK [3][-]{subsubsection.8.15.2.18}{\376\377\0008\000.\0001\0005\000.\0002\000.\0001\0008\000\040\000I\000N\000T\0008\000\137\000M\000I\000N}{subsection.8.15.2}% 120
\BOOKMARK [3][-]{subsubsection.8.15.2.19}{\376\377\0008\000.\0001\0005\000.\0002\000.\0001\0009\000\040\000R\000E\000J\000E\000C\000T}{subsection.8.15.2}% 121
\BOOKMARK [3][-]{subsubsection.8.15.2.20}{\376\377\0008\000.\0001\0005\000.\0002\000.\0002\0000\000\040\000S\000I\000Z\000E\000\137\000M\000A\000X}{subsection.8.15.2}% 122
\BOOKMARK [3][-]{subsubsection.8.15.2.21}{\376\377\0008\000.\0001\0005\000.\0002\000.\0002\0001\000\040\000S\000t\000r\000i\000n\000g}{subsection.8.15.2}% 123
\BOOKMARK [3][-]{subsubsection.8.15.2.22}{\376\377\0008\000.\0001\0005\000.\0002\000.\0002\0002\000\040\000U\000I\000N\000T\0001\0006\000\137\000M\000A\000X}{subsection.8.15.2}% 124
\BOOKMARK [3][-]{subsubsection.8.15.2.23}{\376\377\0008\000.\0001\0005\000.\0002\000.\0002\0003\000\040\000U\000I\000N\000T\0003\0002\000\137\000M\000A\000X}{subsection.8.15.2}% 125
\BOOKMARK [3][-]{subsubsection.8.15.2.24}{\376\377\0008\000.\0001\0005\000.\0002\000.\0002\0004\000\040\000U\000I\000N\000T\0008\000\137\000M\000A\000X}{subsection.8.15.2}% 126
\BOOKMARK [3][-]{subsubsection.8.15.2.25}{\376\377\0008\000.\0001\0005\000.\0002\000.\0002\0005\000\040\000u\000n\000p\000u\000t}{subsection.8.15.2}% 127
\BOOKMARK [3][-]{subsubsection.8.15.2.26}{\376\377\0008\000.\0001\0005\000.\0002\000.\0002\0006\000\040\000Y\000Y\000\137\000A\000T\000\137\000B\000O\000L}{subsection.8.15.2}% 128
\BOOKMARK [3][-]{subsubsection.8.15.2.27}{\376\377\0008\000.\0001\0005\000.\0002\000.\0002\0007\000\040\000Y\000Y\000\137\000B\000R\000E\000A\000K}{subsection.8.15.2}% 129
\BOOKMARK [3][-]{subsubsection.8.15.2.28}{\376\377\0008\000.\0001\0005\000.\0002\000.\0002\0008\000\040\000Y\000Y\000\137\000B\000U\000F\000\137\000S\000I\000Z\000E}{subsection.8.15.2}% 130
\BOOKMARK [3][-]{subsubsection.8.15.2.29}{\376\377\0008\000.\0001\0005\000.\0002\000.\0002\0009\000\040\000Y\000Y\000\137\000B\000U\000F\000F\000E\000R\000\137\000E\000O\000F\000\137\000P\000E\000N\000D\000I\000N\000G}{subsection.8.15.2}% 131
\BOOKMARK [3][-]{subsubsection.8.15.2.30}{\376\377\0008\000.\0001\0005\000.\0002\000.\0003\0000\000\040\000Y\000Y\000\137\000B\000U\000F\000F\000E\000R\000\137\000N\000E\000W}{subsection.8.15.2}% 132
\BOOKMARK [3][-]{subsubsection.8.15.2.31}{\376\377\0008\000.\0001\0005\000.\0002\000.\0003\0001\000\040\000Y\000Y\000\137\000B\000U\000F\000F\000E\000R\000\137\000N\000O\000R\000M\000A\000L}{subsection.8.15.2}% 133
\BOOKMARK [3][-]{subsubsection.8.15.2.32}{\376\377\0008\000.\0001\0005\000.\0002\000.\0003\0002\000\040\000Y\000Y\000\137\000C\000U\000R\000R\000E\000N\000T\000\137\000B\000U\000F\000F\000E\000R}{subsection.8.15.2}% 134
\BOOKMARK [3][-]{subsubsection.8.15.2.33}{\376\377\0008\000.\0001\0005\000.\0002\000.\0003\0003\000\040\000Y\000Y\000\137\000C\000U\000R\000R\000E\000N\000T\000\137\000B\000U\000F\000F\000E\000R\000\137\000L\000V\000A\000L\000U\000E}{subsection.8.15.2}% 135
\BOOKMARK [3][-]{subsubsection.8.15.2.34}{\376\377\0008\000.\0001\0005\000.\0002\000.\0003\0004\000\040\000Y\000Y\000\137\000D\000E\000C\000L}{subsection.8.15.2}% 136
\BOOKMARK [3][-]{subsubsection.8.15.2.35}{\376\377\0008\000.\0001\0005\000.\0002\000.\0003\0005\000\040\000Y\000Y\000\137\000D\000E\000C\000L\000\137\000I\000S\000\137\000O\000U\000R\000S}{subsection.8.15.2}% 137
\BOOKMARK [3][-]{subsubsection.8.15.2.36}{\376\377\0008\000.\0001\0005\000.\0002\000.\0003\0006\000\040\000Y\000Y\000\137\000D\000O\000\137\000B\000E\000F\000O\000R\000E\000\137\000A\000C\000T\000I\000O\000N}{subsection.8.15.2}% 138
\BOOKMARK [3][-]{subsubsection.8.15.2.37}{\376\377\0008\000.\0001\0005\000.\0002\000.\0003\0007\000\040\000Y\000Y\000\137\000E\000N\000D\000\137\000O\000F\000\137\000B\000U\000F\000F\000E\000R}{subsection.8.15.2}% 139
\BOOKMARK [3][-]{subsubsection.8.15.2.38}{\376\377\0008\000.\0001\0005\000.\0002\000.\0003\0008\000\040\000Y\000Y\000\137\000E\000N\000D\000\137\000O\000F\000\137\000B\000U\000F\000F\000E\000R\000\137\000C\000H\000A\000R}{subsection.8.15.2}% 140
\BOOKMARK [3][-]{subsubsection.8.15.2.39}{\376\377\0008\000.\0001\0005\000.\0002\000.\0003\0009\000\040\000Y\000Y\000\137\000E\000X\000T\000R\000A\000\137\000T\000Y\000P\000E}{subsection.8.15.2}% 141
\BOOKMARK [3][-]{subsubsection.8.15.2.40}{\376\377\0008\000.\0001\0005\000.\0002\000.\0004\0000\000\040\000Y\000Y\000\137\000F\000A\000T\000A\000L\000\137\000E\000R\000R\000O\000R}{subsection.8.15.2}% 142
\BOOKMARK [3][-]{subsubsection.8.15.2.41}{\376\377\0008\000.\0001\0005\000.\0002\000.\0004\0001\000\040\000Y\000Y\000\137\000F\000L\000E\000X\000\137\000M\000A\000J\000O\000R\000\137\000V\000E\000R\000S\000I\000O\000N}{subsection.8.15.2}% 143
\BOOKMARK [3][-]{subsubsection.8.15.2.42}{\376\377\0008\000.\0001\0005\000.\0002\000.\0004\0002\000\040\000Y\000Y\000\137\000F\000L\000E\000X\000\137\000M\000I\000N\000O\000R\000\137\000V\000E\000R\000S\000I\000O\000N}{subsection.8.15.2}% 144
\BOOKMARK [3][-]{subsubsection.8.15.2.43}{\376\377\0008\000.\0001\0005\000.\0002\000.\0004\0003\000\040\000Y\000Y\000\137\000F\000L\000E\000X\000\137\000S\000U\000B\000M\000I\000N\000O\000R\000\137\000V\000E\000R\000S\000I\000O\000N}{subsection.8.15.2}% 145
\BOOKMARK [3][-]{subsubsection.8.15.2.44}{\376\377\0008\000.\0001\0005\000.\0002\000.\0004\0004\000\040\000Y\000Y\000\137\000F\000L\000U\000S\000H\000\137\000B\000U\000F\000F\000E\000R}{subsection.8.15.2}% 146
\BOOKMARK [3][-]{subsubsection.8.15.2.45}{\376\377\0008\000.\0001\0005\000.\0002\000.\0004\0005\000\040\000Y\000Y\000\137\000I\000N\000P\000U\000T}{subsection.8.15.2}% 147
\BOOKMARK [3][-]{subsubsection.8.15.2.46}{\376\377\0008\000.\0001\0005\000.\0002\000.\0004\0006\000\040\000Y\000Y\000\137\000I\000N\000T\000\137\000A\000L\000I\000G\000N\000E\000D}{subsection.8.15.2}% 148
\BOOKMARK [3][-]{subsubsection.8.15.2.47}{\376\377\0008\000.\0001\0005\000.\0002\000.\0004\0007\000\040\000Y\000Y\000\137\000L\000E\000S\000S\000\137\000L\000I\000N\000E\000N\000O}{subsection.8.15.2}% 149
\BOOKMARK [3][-]{subsubsection.8.15.2.48}{\376\377\0008\000.\0001\0005\000.\0002\000.\0004\0008\000\040\000Y\000Y\000\137\000L\000I\000N\000E\000N\000O\000\137\000R\000E\000W\000I\000N\000D\000\137\000T\000O}{subsection.8.15.2}% 150
\BOOKMARK [3][-]{subsubsection.8.15.2.49}{\376\377\0008\000.\0001\0005\000.\0002\000.\0004\0009\000\040\000Y\000Y\000\137\000M\000O\000R\000E\000\137\000A\000D\000J}{subsection.8.15.2}% 151
\BOOKMARK [3][-]{subsubsection.8.15.2.50}{\376\377\0008\000.\0001\0005\000.\0002\000.\0005\0000\000\040\000y\000y\000\137\000n\000e\000w\000\137\000b\000u\000f\000f\000e\000r}{subsection.8.15.2}% 152
\BOOKMARK [3][-]{subsubsection.8.15.2.51}{\376\377\0008\000.\0001\0005\000.\0002\000.\0005\0001\000\040\000Y\000Y\000\137\000N\000E\000W\000\137\000F\000I\000L\000E}{subsection.8.15.2}% 153
\BOOKMARK [3][-]{subsubsection.8.15.2.52}{\376\377\0008\000.\0001\0005\000.\0002\000.\0005\0002\000\040\000Y\000Y\000\137\000N\000U\000L\000L}{subsection.8.15.2}% 154
\BOOKMARK [3][-]{subsubsection.8.15.2.53}{\376\377\0008\000.\0001\0005\000.\0002\000.\0005\0003\000\040\000Y\000Y\000\137\000N\000U\000M\000\137\000R\000U\000L\000E\000S}{subsection.8.15.2}% 155
\BOOKMARK [3][-]{subsubsection.8.15.2.54}{\376\377\0008\000.\0001\0005\000.\0002\000.\0005\0004\000\040\000Y\000Y\000\137\000R\000E\000A\000D\000\137\000B\000U\000F\000\137\000S\000I\000Z\000E}{subsection.8.15.2}% 156
\BOOKMARK [3][-]{subsubsection.8.15.2.55}{\376\377\0008\000.\0001\0005\000.\0002\000.\0005\0005\000\040\000Y\000Y\000\137\000R\000E\000S\000T\000O\000R\000E\000\137\000Y\000Y\000\137\000M\000O\000R\000E\000\137\000O\000F\000F\000S\000E\000T}{subsection.8.15.2}% 157
\BOOKMARK [3][-]{subsubsection.8.15.2.56}{\376\377\0008\000.\0001\0005\000.\0002\000.\0005\0006\000\040\000Y\000Y\000\137\000R\000U\000L\000E\000\137\000S\000E\000T\000U\000P}{subsection.8.15.2}% 158
\BOOKMARK [3][-]{subsubsection.8.15.2.57}{\376\377\0008\000.\0001\0005\000.\0002\000.\0005\0007\000\040\000Y\000Y\000\137\000S\000C\000\137\000T\000O\000\137\000U\000I}{subsection.8.15.2}% 159
\BOOKMARK [3][-]{subsubsection.8.15.2.58}{\376\377\0008\000.\0001\0005\000.\0002\000.\0005\0008\000\040\000y\000y\000\137\000s\000e\000t\000\137\000b\000o\000l}{subsection.8.15.2}% 160
\BOOKMARK [3][-]{subsubsection.8.15.2.59}{\376\377\0008\000.\0001\0005\000.\0002\000.\0005\0009\000\040\000y\000y\000\137\000s\000e\000t\000\137\000i\000n\000t\000e\000r\000a\000c\000t\000i\000v\000e}{subsection.8.15.2}% 161
\BOOKMARK [3][-]{subsubsection.8.15.2.60}{\376\377\0008\000.\0001\0005\000.\0002\000.\0006\0000\000\040\000Y\000Y\000\137\000S\000K\000I\000P\000\137\000Y\000Y\000W\000R\000A\000P}{subsection.8.15.2}% 162
\BOOKMARK [3][-]{subsubsection.8.15.2.61}{\376\377\0008\000.\0001\0005\000.\0002\000.\0006\0001\000\040\000Y\000Y\000\137\000S\000T\000A\000R\000T}{subsection.8.15.2}% 163
\BOOKMARK [3][-]{subsubsection.8.15.2.62}{\376\377\0008\000.\0001\0005\000.\0002\000.\0006\0002\000\040\000Y\000Y\000\137\000S\000T\000A\000R\000T\000\137\000S\000T\000A\000C\000K\000\137\000I\000N\000C\000R}{subsection.8.15.2}% 164
\BOOKMARK [3][-]{subsubsection.8.15.2.63}{\376\377\0008\000.\0001\0005\000.\0002\000.\0006\0003\000\040\000Y\000Y\000\137\000S\000T\000A\000T\000E\000\137\000B\000U\000F\000\137\000S\000I\000Z\000E}{subsection.8.15.2}% 165
\BOOKMARK [3][-]{subsubsection.8.15.2.64}{\376\377\0008\000.\0001\0005\000.\0002\000.\0006\0004\000\040\000Y\000Y\000\137\000S\000T\000A\000T\000E\000\137\000E\000O\000F}{subsection.8.15.2}% 166
\BOOKMARK [3][-]{subsubsection.8.15.2.65}{\376\377\0008\000.\0001\0005\000.\0002\000.\0006\0005\000\040\000Y\000Y\000\137\000S\000T\000R\000U\000C\000T\000\137\000Y\000Y\000\137\000B\000U\000F\000F\000E\000R\000\137\000S\000T\000A\000T\000E}{subsection.8.15.2}% 167
\BOOKMARK [3][-]{subsubsection.8.15.2.66}{\376\377\0008\000.\0001\0005\000.\0002\000.\0006\0006\000\040\000Y\000Y\000\137\000T\000Y\000P\000E\000D\000E\000F\000\137\000Y\000Y\000\137\000B\000U\000F\000F\000E\000R\000\137\000S\000T\000A\000T\000E}{subsection.8.15.2}% 168
\BOOKMARK [3][-]{subsubsection.8.15.2.67}{\376\377\0008\000.\0001\0005\000.\0002\000.\0006\0007\000\040\000Y\000Y\000\137\000T\000Y\000P\000E\000D\000E\000F\000\137\000Y\000Y\000\137\000S\000I\000Z\000E\000\137\000T}{subsection.8.15.2}% 169
\BOOKMARK [3][-]{subsubsection.8.15.2.68}{\376\377\0008\000.\0001\0005\000.\0002\000.\0006\0008\000\040\000Y\000Y\000\137\000U\000S\000E\000R\000\137\000A\000C\000T\000I\000O\000N}{subsection.8.15.2}% 170
\BOOKMARK [3][-]{subsubsection.8.15.2.69}{\376\377\0008\000.\0001\0005\000.\0002\000.\0006\0009\000\040\000y\000y\000c\000o\000n\000s\000t}{subsection.8.15.2}% 171
\BOOKMARK [3][-]{subsubsection.8.15.2.70}{\376\377\0008\000.\0001\0005\000.\0002\000.\0007\0000\000\040\000y\000y\000l\000e\000s\000s\000\040\000[\0001\000/\0002\000]}{subsection.8.15.2}% 172
\BOOKMARK [3][-]{subsubsection.8.15.2.71}{\376\377\0008\000.\0001\0005\000.\0002\000.\0007\0001\000\040\000y\000y\000l\000e\000s\000s\000\040\000[\0002\000/\0002\000]}{subsection.8.15.2}% 173
\BOOKMARK [3][-]{subsubsection.8.15.2.72}{\376\377\0008\000.\0001\0005\000.\0002\000.\0007\0002\000\040\000y\000y\000m\000o\000r\000e}{subsection.8.15.2}% 174
\BOOKMARK [3][-]{subsubsection.8.15.2.73}{\376\377\0008\000.\0001\0005\000.\0002\000.\0007\0003\000\040\000y\000y\000n\000o\000r\000e\000t\000u\000r\000n}{subsection.8.15.2}% 175
\BOOKMARK [3][-]{subsubsection.8.15.2.74}{\376\377\0008\000.\0001\0005\000.\0002\000.\0007\0004\000\040\000Y\000Y\000S\000T\000A\000T\000E}{subsection.8.15.2}% 176
\BOOKMARK [3][-]{subsubsection.8.15.2.75}{\376\377\0008\000.\0001\0005\000.\0002\000.\0007\0005\000\040\000y\000y\000t\000e\000r\000m\000i\000n\000a\000t\000e}{subsection.8.15.2}% 177
\BOOKMARK [3][-]{subsubsection.8.15.2.76}{\376\377\0008\000.\0001\0005\000.\0002\000.\0007\0006\000\040\000y\000y\000t\000e\000x\000t\000\137\000p\000t\000r}{subsection.8.15.2}% 178
\BOOKMARK [3][-]{subsubsection.8.15.2.77}{\376\377\0008\000.\0001\0005\000.\0002\000.\0007\0007\000\040\000y\000y\000w\000r\000a\000p}{subsection.8.15.2}% 179
\BOOKMARK [2][-]{subsection.8.15.3}{\376\377\0008\000.\0001\0005\000.\0003\000\040\000T\000y\000p\000e\000d\000e\000f\000\040\000D\000o\000c\000u\000m\000e\000n\000t\000a\000t\000i\000o\000n}{section.8.15}% 180
\BOOKMARK [3][-]{subsubsection.8.15.3.1}{\376\377\0008\000.\0001\0005\000.\0003\000.\0001\000\040\000f\000l\000e\000x\000\137\000i\000n\000t\0001\0006\000\137\000t}{subsection.8.15.3}% 181
\BOOKMARK [3][-]{subsubsection.8.15.3.2}{\376\377\0008\000.\0001\0005\000.\0003\000.\0002\000\040\000f\000l\000e\000x\000\137\000i\000n\000t\0003\0002\000\137\000t}{subsection.8.15.3}% 182
\BOOKMARK [3][-]{subsubsection.8.15.3.3}{\376\377\0008\000.\0001\0005\000.\0003\000.\0003\000\040\000f\000l\000e\000x\000\137\000i\000n\000t\0008\000\137\000t}{subsection.8.15.3}% 183
\BOOKMARK [3][-]{subsubsection.8.15.3.4}{\376\377\0008\000.\0001\0005\000.\0003\000.\0004\000\040\000f\000l\000e\000x\000\137\000u\000i\000n\000t\0001\0006\000\137\000t}{subsection.8.15.3}% 184
\BOOKMARK [3][-]{subsubsection.8.15.3.5}{\376\377\0008\000.\0001\0005\000.\0003\000.\0005\000\040\000f\000l\000e\000x\000\137\000u\000i\000n\000t\0003\0002\000\137\000t}{subsection.8.15.3}% 185
\BOOKMARK [3][-]{subsubsection.8.15.3.6}{\376\377\0008\000.\0001\0005\000.\0003\000.\0006\000\040\000f\000l\000e\000x\000\137\000u\000i\000n\000t\0008\000\137\000t}{subsection.8.15.3}% 186
\BOOKMARK [3][-]{subsubsection.8.15.3.7}{\376\377\0008\000.\0001\0005\000.\0003\000.\0007\000\040\000Y\000Y\000\137\000B\000U\000F\000F\000E\000R\000\137\000S\000T\000A\000T\000E}{subsection.8.15.3}% 187
\BOOKMARK [3][-]{subsubsection.8.15.3.8}{\376\377\0008\000.\0001\0005\000.\0003\000.\0008\000\040\000Y\000Y\000\137\000C\000H\000A\000R}{subsection.8.15.3}% 188
\BOOKMARK [3][-]{subsubsection.8.15.3.9}{\376\377\0008\000.\0001\0005\000.\0003\000.\0009\000\040\000y\000y\000\137\000s\000i\000z\000e\000\137\000t}{subsection.8.15.3}% 189
\BOOKMARK [3][-]{subsubsection.8.15.3.10}{\376\377\0008\000.\0001\0005\000.\0003\000.\0001\0000\000\040\000y\000y\000\137\000s\000t\000a\000t\000e\000\137\000t\000y\000p\000e}{subsection.8.15.3}% 190
\BOOKMARK [2][-]{subsection.8.15.4}{\376\377\0008\000.\0001\0005\000.\0004\000\040\000F\000u\000n\000c\000t\000i\000o\000n\000\040\000D\000o\000c\000u\000m\000e\000n\000t\000a\000t\000i\000o\000n}{section.8.15}% 191
\BOOKMARK [3][-]{subsubsection.8.15.4.1}{\376\377\0008\000.\0001\0005\000.\0004\000.\0001\000\040\000d\000e\000l\000e\000t\000e\000C\000S\000t\000y\000l\000e\000C\000o\000m\000m\000e\000n\000t\000s\000\050\000\051}{subsection.8.15.4}% 192
\BOOKMARK [3][-]{subsubsection.8.15.4.2}{\376\377\0008\000.\0001\0005\000.\0004\000.\0002\000\040\000i\000f\000\050\000\051}{subsection.8.15.4}% 193
\BOOKMARK [3][-]{subsubsection.8.15.4.3}{\376\377\0008\000.\0001\0005\000.\0004\000.\0003\000\040\000y\000y\000l\000e\000x\000\050\000\051}{subsection.8.15.4}% 194
\BOOKMARK [2][-]{subsection.8.15.5}{\376\377\0008\000.\0001\0005\000.\0005\000\040\000V\000a\000r\000i\000a\000b\000l\000e\000\040\000D\000o\000c\000u\000m\000e\000n\000t\000a\000t\000i\000o\000n}{section.8.15}% 195
\BOOKMARK [3][-]{subsubsection.8.15.5.1}{\376\377\0008\000.\0001\0005\000.\0005\000.\0001\000\040\000j\000j\0002\000\137\000j\000u\000n\000k}{subsection.8.15.5}% 196
\BOOKMARK [3][-]{subsubsection.8.15.5.2}{\376\377\0008\000.\0001\0005\000.\0005\000.\0002\000\040\000y\000y\000\137\000a\000c\000t}{subsection.8.15.5}% 197
\BOOKMARK [3][-]{subsubsection.8.15.5.3}{\376\377\0008\000.\0001\0005\000.\0005\000.\0003\000\040\000y\000y\000\137\000b\000p}{subsection.8.15.5}% 198
\BOOKMARK [3][-]{subsubsection.8.15.5.4}{\376\377\0008\000.\0001\0005\000.\0005\000.\0004\000\040\000y\000y\000\137\000c\000p}{subsection.8.15.5}% 199
\BOOKMARK [3][-]{subsubsection.8.15.5.5}{\376\377\0008\000.\0001\0005\000.\0005\000.\0005\000\040\000Y\000Y\000\137\000D\000E\000C\000L}{subsection.8.15.5}% 200
\BOOKMARK [3][-]{subsubsection.8.15.5.6}{\376\377\0008\000.\0001\0005\000.\0005\000.\0006\000\040\000y\000y\000\137\000f\000l\000e\000x\000\137\000d\000e\000b\000u\000g}{subsection.8.15.5}% 201
\BOOKMARK [3][-]{subsubsection.8.15.5.7}{\376\377\0008\000.\0001\0005\000.\0005\000.\0007\000\040\000y\000y\000i\000n}{subsection.8.15.5}% 202
\BOOKMARK [3][-]{subsubsection.8.15.5.8}{\376\377\0008\000.\0001\0005\000.\0005\000.\0008\000\040\000y\000y\000l\000e\000n\000g}{subsection.8.15.5}% 203
\BOOKMARK [3][-]{subsubsection.8.15.5.9}{\376\377\0008\000.\0001\0005\000.\0005\000.\0009\000\040\000y\000y\000l\000i\000n\000e\000n\000o}{subsection.8.15.5}% 204
\BOOKMARK [3][-]{subsubsection.8.15.5.10}{\376\377\0008\000.\0001\0005\000.\0005\000.\0001\0000\000\040\000y\000y\000o\000u\000t}{subsection.8.15.5}% 205
\BOOKMARK [3][-]{subsubsection.8.15.5.11}{\376\377\0008\000.\0001\0005\000.\0005\000.\0001\0001\000\040\000y\000y\000t\000e\000x\000t}{subsection.8.15.5}% 206
\BOOKMARK [1][-]{section.8.16}{\376\377\0008\000.\0001\0006\000\040\000l\000e\000x\000\137\000y\000y\000.\000c}{chapter.8}% 207
\BOOKMARK [1][-]{section.8.17}{\376\377\0008\000.\0001\0007\000\040\000d\000o\000c\000s\000/\000s\000r\000c\000\137\000d\000o\000c\000u\000m\000e\000n\000t\000e\000d\000/\000n\000o\000t\000B\000y\000M\000e\000/\000l\000e\000x\000\137\000y\000y\000.\000h\000\040\000F\000i\000l\000e\000\040\000R\000e\000f\000e\000r\000e\000n\000c\000e}{chapter.8}% 208
\BOOKMARK [2][-]{subsection.8.17.1}{\376\377\0008\000.\0001\0007\000.\0001\000\040\000D\000e\000t\000a\000i\000l\000e\000d\000\040\000D\000e\000s\000c\000r\000i\000p\000t\000i\000o\000n}{section.8.17}% 209
\BOOKMARK [2][-]{subsection.8.17.2}{\376\377\0008\000.\0001\0007\000.\0002\000\040\000M\000a\000c\000r\000o\000\040\000D\000e\000f\000i\000n\000i\000t\000i\000o\000n\000\040\000D\000o\000c\000u\000m\000e\000n\000t\000a\000t\000i\000o\000n}{section.8.17}% 210
\BOOKMARK [3][-]{subsubsection.8.17.2.1}{\376\377\0008\000.\0001\0007\000.\0002\000.\0001\000\040\000S\000H\000A\000R\000E\000D}{subsection.8.17.2}% 211
\BOOKMARK [2][-]{subsection.8.17.3}{\376\377\0008\000.\0001\0007\000.\0003\000\040\000F\000u\000n\000c\000t\000i\000o\000n\000\040\000D\000o\000c\000u\000m\000e\000n\000t\000a\000t\000i\000o\000n}{section.8.17}% 212
\BOOKMARK [3][-]{subsubsection.8.17.3.1}{\376\377\0008\000.\0001\0007\000.\0003\000.\0001\000\040\000d\000e\000l\000e\000t\000e\000C\000S\000t\000y\000l\000e\000C\000o\000m\000m\000e\000n\000t\000s\000\050\000\051}{subsection.8.17.3}% 213
\BOOKMARK [1][-]{section.8.18}{\376\377\0008\000.\0001\0008\000\040\000l\000e\000x\000\137\000y\000y\000.\000h}{chapter.8}% 214
\BOOKMARK [1][-]{section.8.19}{\376\377\0008\000.\0001\0009\000\040\000d\000o\000c\000s\000/\000s\000r\000c\000\137\000d\000o\000c\000u\000m\000e\000n\000t\000e\000d\000/\000n\000o\000t\000B\000y\000M\000e\000/\000n\000o\000C\000o\000m\000m\000e\000n\000t\000s\000.\000l\000\040\000F\000i\000l\000e\000\040\000R\000e\000f\000e\000r\000e\000n\000c\000e}{chapter.8}% 215
\BOOKMARK [2][-]{subsection.8.19.1}{\376\377\0008\000.\0001\0009\000.\0001\000\040\000D\000e\000t\000a\000i\000l\000e\000d\000\040\000D\000e\000s\000c\000r\000i\000p\000t\000i\000o\000n}{section.8.19}% 216
\BOOKMARK [2][-]{subsection.8.19.2}{\376\377\0008\000.\0001\0009\000.\0002\000\040\000F\000u\000n\000c\000t\000i\000o\000n\000\040\000D\000o\000c\000u\000m\000e\000n\000t\000a\000t\000i\000o\000n}{section.8.19}% 217
\BOOKMARK [3][-]{subsubsection.8.19.2.1}{\376\377\0008\000.\0001\0009\000.\0002\000.\0001\000\040\000d\000e\000l\000e\000t\000e\000C\000S\000t\000y\000l\000e\000C\000o\000m\000m\000e\000n\000t\000s\000\050\000\051}{subsection.8.19.2}% 218
\BOOKMARK [3][-]{subsubsection.8.19.2.2}{\376\377\0008\000.\0001\0009\000.\0002\000.\0002\000\040\000y\000y\000l\000e\000x\000\050\000\051}{subsection.8.19.2}% 219
\BOOKMARK [2][-]{subsection.8.19.3}{\376\377\0008\000.\0001\0009\000.\0003\000\040\000V\000a\000r\000i\000a\000b\000l\000e\000\040\000D\000o\000c\000u\000m\000e\000n\000t\000a\000t\000i\000o\000n}{section.8.19}% 220
\BOOKMARK [3][-]{subsubsection.8.19.3.1}{\376\377\0008\000.\0001\0009\000.\0003\000.\0001\000\040\000j\000j\0002\000\137\000j\000u\000n\000k}{subsection.8.19.3}% 221
\BOOKMARK [3][-]{subsubsection.8.19.3.2}{\376\377\0008\000.\0001\0009\000.\0003\000.\0002\000\040\000j\000j\000\137\000j\000u\000n\000k}{subsection.8.19.3}% 222
\BOOKMARK [1][-]{section.8.20}{\376\377\0008\000.\0002\0000\000\040\000n\000o\000C\000o\000m\000m\000e\000n\000t\000s\000.\000l}{chapter.8}% 223
\BOOKMARK [0][-]{section*.32}{\376\377\000I\000n\000d\000e\000x}{}% 224
